<?xml version="1.0" encoding="UTF-8"?>
<!-- Generated by org.testng.reporters.JUnitReportReporter -->
<testsuite skipped="0" hostname="Robin" name="chuck.norris.Test" tests="1" failures="0" timestamp="06 mars 2018 18:50:01 GMT" time="0.010" errors="0">
  <testcase name="test" time="0.010" classname="chuck.norris.Test"/>
</testsuite> <!-- chuck.norris.Test -->
